app/build/intermediates/manifest_merge_blame_file/debug/manifest-merger-blame-debug-report.txt
1<?xml version="1.0" encoding="utf-8"?>
2<manifest xmlns:android="http://schemas.android.com/apk/res/android"
3    package="io.branch.branchsters"
4    android:versionCode="1"
5    android:versionName="1.0" >
6
7    <uses-sdk
8        android:minSdkVersion="24"
9        android:targetSdkVersion="36" />
10
11    <uses-permission android:name="android.permission.INTERNET" />
11-->src/main/AndroidManifest.xml:5:5-66
11-->src/main/AndroidManifest.xml:5:22-64
12
13    <!-- Although the *SdkVersion is captured in gradle build files, this is required for non gradle builds -->
14    <!-- <uses-sdk android:minSdkVersion="21"/> -->
15    <uses-permission android:name="android.permission.ACCESS_NETWORK_STATE" />
15-->[com.google.firebase:firebase-ai:17.5.0] AndroidManifest.xml:22:5-79
15-->[com.google.firebase:firebase-ai:17.5.0] AndroidManifest.xml:22:22-76
16
17    <permission
17-->[androidx.core:core:1.13.1] AndroidManifest.xml:22:5-24:47
18        android:name="io.branch.branchsters.DYNAMIC_RECEIVER_NOT_EXPORTED_PERMISSION"
18-->[androidx.core:core:1.13.1] AndroidManifest.xml:23:9-81
19        android:protectionLevel="signature" />
19-->[androidx.core:core:1.13.1] AndroidManifest.xml:24:9-44
20
21    <uses-permission android:name="io.branch.branchsters.DYNAMIC_RECEIVER_NOT_EXPORTED_PERMISSION" />
21-->[androidx.core:core:1.13.1] AndroidManifest.xml:26:5-97
21-->[androidx.core:core:1.13.1] AndroidManifest.xml:26:22-94
22    <uses-permission android:name="com.google.android.finsky.permission.BIND_GET_INSTALL_REFERRER_SERVICE" />
22-->[com.android.installreferrer:installreferrer:2.2] AndroidManifest.xml:9:5-110
22-->[com.android.installreferrer:installreferrer:2.2] AndroidManifest.xml:9:22-107
23
24    <application
24-->src/main/AndroidManifest.xml:7:5-70:19
25        android:name="io.branch.branchsters.ApplicationClass"
25-->src/main/AndroidManifest.xml:8:9-41
26        android:allowBackup="true"
26-->src/main/AndroidManifest.xml:9:9-35
27        android:appComponentFactory="androidx.core.app.CoreComponentFactory"
27-->[androidx.core:core:1.13.1] AndroidManifest.xml:28:18-86
28        android:dataExtractionRules="@xml/data_extraction_rules"
28-->src/main/AndroidManifest.xml:10:9-65
29        android:debuggable="true"
30        android:extractNativeLibs="false"
31        android:fullBackupContent="@xml/backup_rules"
31-->src/main/AndroidManifest.xml:11:9-54
32        android:icon="@mipmap/ic_launcher"
32-->src/main/AndroidManifest.xml:12:9-43
33        android:label="@string/app_name"
33-->src/main/AndroidManifest.xml:13:9-41
34        android:roundIcon="@mipmap/ic_launcher_round"
34-->src/main/AndroidManifest.xml:14:9-54
35        android:supportsRtl="true"
35-->src/main/AndroidManifest.xml:15:9-35
36        android:testOnly="true"
37        android:theme="@style/Theme.Branchsters" >
37-->src/main/AndroidManifest.xml:16:9-49
38        <activity
38-->src/main/AndroidManifest.xml:18:9-60:20
39            android:name="io.branch.branchsters.MainActivity"
39-->src/main/AndroidManifest.xml:19:13-41
40            android:exported="true"
40-->src/main/AndroidManifest.xml:20:13-36
41            android:theme="@style/Theme.Branchsters" >
41-->src/main/AndroidManifest.xml:21:13-53
42            <intent-filter>
42-->src/main/AndroidManifest.xml:22:13-25:29
43                <action android:name="android.intent.action.MAIN" />
43-->src/main/AndroidManifest.xml:23:17-69
43-->src/main/AndroidManifest.xml:23:25-66
44
45                <category android:name="android.intent.category.LAUNCHER" />
45-->src/main/AndroidManifest.xml:24:17-77
45-->src/main/AndroidManifest.xml:24:27-74
46            </intent-filter>
47            <intent-filter>
47-->src/main/AndroidManifest.xml:26:13-34:29
48                <data
48-->src/main/AndroidManifest.xml:27:17-29:52
49                    android:host="open"
49-->src/main/AndroidManifest.xml:28:21-40
50                    android:scheme="branchsters" />
50-->src/main/AndroidManifest.xml:29:21-49
51
52                <category android:name="android.intent.category.DEFAULT" />
52-->src/main/AndroidManifest.xml:31:17-76
52-->src/main/AndroidManifest.xml:31:27-73
53                <category android:name="android.intent.category.BROWSABLE" />
53-->src/main/AndroidManifest.xml:32:17-78
53-->src/main/AndroidManifest.xml:32:27-75
54
55                <action android:name="android.intent.action.VIEW" />
55-->src/main/AndroidManifest.xml:33:17-69
55-->src/main/AndroidManifest.xml:33:25-66
56            </intent-filter>
57
58            <!-- Branch App Links - Live App -->
59            <intent-filter android:autoVerify="true" >
59-->src/main/AndroidManifest.xml:37:13-47:29
59-->src/main/AndroidManifest.xml:37:28-53
60                <action android:name="android.intent.action.VIEW" />
60-->src/main/AndroidManifest.xml:33:17-69
60-->src/main/AndroidManifest.xml:33:25-66
61
62                <category android:name="android.intent.category.DEFAULT" />
62-->src/main/AndroidManifest.xml:31:17-76
62-->src/main/AndroidManifest.xml:31:27-73
63                <category android:name="android.intent.category.BROWSABLE" />
63-->src/main/AndroidManifest.xml:32:17-78
63-->src/main/AndroidManifest.xml:32:27-75
64                <!-- REPLACE `android:host` with your `app.link` domain -->
65                <data android:scheme="https" />
65-->src/main/AndroidManifest.xml:27:17-29:52
65-->src/main/AndroidManifest.xml:29:21-49
66                <data android:host="monster-factory.app.link" />
66-->src/main/AndroidManifest.xml:27:17-29:52
66-->src/main/AndroidManifest.xml:28:21-40
67                <!-- REPLACE `android:host` with your `-alternate` domain (required for proper functioning of App Links and DeepViews) -->
68                <data android:scheme="https" />
68-->src/main/AndroidManifest.xml:27:17-29:52
68-->src/main/AndroidManifest.xml:29:21-49
69                <data android:host="monster-factory-alternate.app.link" />
69-->src/main/AndroidManifest.xml:27:17-29:52
69-->src/main/AndroidManifest.xml:28:21-40
70            </intent-filter>
71
72            <!-- Branch App Links - Test App -->
73            <intent-filter android:autoVerify="true" >
73-->src/main/AndroidManifest.xml:50:13-59:29
73-->src/main/AndroidManifest.xml:50:28-53
74                <action android:name="android.intent.action.VIEW" />
74-->src/main/AndroidManifest.xml:33:17-69
74-->src/main/AndroidManifest.xml:33:25-66
75
76                <category android:name="android.intent.category.DEFAULT" />
76-->src/main/AndroidManifest.xml:31:17-76
76-->src/main/AndroidManifest.xml:31:27-73
77                <category android:name="android.intent.category.BROWSABLE" />
77-->src/main/AndroidManifest.xml:32:17-78
77-->src/main/AndroidManifest.xml:32:27-75
78
79                <data android:scheme="https" />
79-->src/main/AndroidManifest.xml:27:17-29:52
79-->src/main/AndroidManifest.xml:29:21-49
80                <data android:host="monster-factory.test-app.link" />
80-->src/main/AndroidManifest.xml:27:17-29:52
80-->src/main/AndroidManifest.xml:28:21-40
81                <!-- REPLACE `android:host` with your `-alternate` domain (required for proper functioning of App Links and DeepViews) -->
82                <data android:scheme="https" />
82-->src/main/AndroidManifest.xml:27:17-29:52
82-->src/main/AndroidManifest.xml:29:21-49
83                <data android:host="monster-factory-alternate.test-app.link" />
83-->src/main/AndroidManifest.xml:27:17-29:52
83-->src/main/AndroidManifest.xml:28:21-40
84            </intent-filter>
85        </activity>
86
87        <!-- Branch init -->
88        <!-- REPLACE `BranchKey` with the value from your Branch Dashboard -->
89        <meta-data
89-->src/main/AndroidManifest.xml:64:9-96
90            android:name="io.branch.sdk.BranchKey"
90-->src/main/AndroidManifest.xml:64:20-58
91            android:value="@string/branch_key" />
91-->src/main/AndroidManifest.xml:64:59-93
92        <!-- REPLACE `BranchKey.test` with the value from your Branch Dashboard -->
93        <meta-data
93-->src/main/AndroidManifest.xml:66:9-106
94            android:name="io.branch.sdk.BranchKey.test"
94-->src/main/AndroidManifest.xml:66:20-63
95            android:value="@string/branch_test_key" />
95-->src/main/AndroidManifest.xml:66:64-103
96        <!-- Set to `true` to use `BranchKey.test` -->
97        <meta-data
97-->src/main/AndroidManifest.xml:68:9-82
98            android:name="io.branch.sdk.TestMode"
98-->src/main/AndroidManifest.xml:68:20-57
99            android:value="false" />
99-->src/main/AndroidManifest.xml:68:58-79
100
101        <activity
101-->[androidx.compose.ui:ui-tooling-android:1.5.4] AndroidManifest.xml:23:9-25:39
102            android:name="androidx.compose.ui.tooling.PreviewActivity"
102-->[androidx.compose.ui:ui-tooling-android:1.5.4] AndroidManifest.xml:24:13-71
103            android:exported="true" />
103-->[androidx.compose.ui:ui-tooling-android:1.5.4] AndroidManifest.xml:25:13-36
104        <activity
104-->[androidx.compose.ui:ui-test-manifest:1.5.4] AndroidManifest.xml:23:9-25:39
105            android:name="androidx.activity.ComponentActivity"
105-->[androidx.compose.ui:ui-test-manifest:1.5.4] AndroidManifest.xml:24:13-63
106            android:exported="true" />
106-->[androidx.compose.ui:ui-test-manifest:1.5.4] AndroidManifest.xml:25:13-36
107
108        <service
108-->[com.google.firebase:firebase-ai:17.5.0] AndroidManifest.xml:28:9-34:19
109            android:name="com.google.firebase.components.ComponentDiscoveryService"
109-->[com.google.firebase:firebase-ai:17.5.0] AndroidManifest.xml:29:13-84
110            android:directBootAware="true"
110-->[com.google.firebase:firebase-common:22.0.1] AndroidManifest.xml:32:13-43
111            android:exported="false" >
111-->[com.google.firebase:firebase-ai:17.5.0] AndroidManifest.xml:30:13-37
112            <meta-data
112-->[com.google.firebase:firebase-ai:17.5.0] AndroidManifest.xml:31:13-33:85
113                android:name="com.google.firebase.components:com.google.firebase.ai.FirebaseAIRegistrar"
113-->[com.google.firebase:firebase-ai:17.5.0] AndroidManifest.xml:32:17-105
114                android:value="com.google.firebase.components.ComponentRegistrar" />
114-->[com.google.firebase:firebase-ai:17.5.0] AndroidManifest.xml:33:17-82
115            <meta-data
115-->[com.google.firebase:firebase-common:22.0.1] AndroidManifest.xml:35:13-37:85
116                android:name="com.google.firebase.components:com.google.firebase.FirebaseCommonKtxRegistrar"
116-->[com.google.firebase:firebase-common:22.0.1] AndroidManifest.xml:36:17-109
117                android:value="com.google.firebase.components.ComponentRegistrar" />
117-->[com.google.firebase:firebase-common:22.0.1] AndroidManifest.xml:37:17-82
118        </service>
119
120        <activity
120-->[com.google.android.gms:play-services-base:18.0.1] AndroidManifest.xml:20:9-22:45
121            android:name="com.google.android.gms.common.api.GoogleApiActivity"
121-->[com.google.android.gms:play-services-base:18.0.1] AndroidManifest.xml:20:19-85
122            android:exported="false"
122-->[com.google.android.gms:play-services-base:18.0.1] AndroidManifest.xml:22:19-43
123            android:theme="@android:style/Theme.Translucent.NoTitleBar" />
123-->[com.google.android.gms:play-services-base:18.0.1] AndroidManifest.xml:21:19-78
124
125        <provider
125-->[com.google.firebase:firebase-common:22.0.1] AndroidManifest.xml:23:9-28:39
126            android:name="com.google.firebase.provider.FirebaseInitProvider"
126-->[com.google.firebase:firebase-common:22.0.1] AndroidManifest.xml:24:13-77
127            android:authorities="io.branch.branchsters.firebaseinitprovider"
127-->[com.google.firebase:firebase-common:22.0.1] AndroidManifest.xml:25:13-72
128            android:directBootAware="true"
128-->[com.google.firebase:firebase-common:22.0.1] AndroidManifest.xml:26:13-43
129            android:exported="false"
129-->[com.google.firebase:firebase-common:22.0.1] AndroidManifest.xml:27:13-37
130            android:initOrder="100" />
130-->[com.google.firebase:firebase-common:22.0.1] AndroidManifest.xml:28:13-36
131
132        <service
132-->[androidx.room:room-runtime:2.6.1] AndroidManifest.xml:24:9-28:63
133            android:name="androidx.room.MultiInstanceInvalidationService"
133-->[androidx.room:room-runtime:2.6.1] AndroidManifest.xml:25:13-74
134            android:directBootAware="true"
134-->[androidx.room:room-runtime:2.6.1] AndroidManifest.xml:26:13-43
135            android:exported="false" />
135-->[androidx.room:room-runtime:2.6.1] AndroidManifest.xml:27:13-37
136
137        <provider
137-->[androidx.emoji2:emoji2:1.4.0] AndroidManifest.xml:24:9-32:20
138            android:name="androidx.startup.InitializationProvider"
138-->[androidx.emoji2:emoji2:1.4.0] AndroidManifest.xml:25:13-67
139            android:authorities="io.branch.branchsters.androidx-startup"
139-->[androidx.emoji2:emoji2:1.4.0] AndroidManifest.xml:26:13-68
140            android:exported="false" >
140-->[androidx.emoji2:emoji2:1.4.0] AndroidManifest.xml:27:13-37
141            <meta-data
141-->[androidx.emoji2:emoji2:1.4.0] AndroidManifest.xml:29:13-31:52
142                android:name="androidx.emoji2.text.EmojiCompatInitializer"
142-->[androidx.emoji2:emoji2:1.4.0] AndroidManifest.xml:30:17-75
143                android:value="androidx.startup" />
143-->[androidx.emoji2:emoji2:1.4.0] AndroidManifest.xml:31:17-49
144            <meta-data
144-->[androidx.lifecycle:lifecycle-process:2.6.2] AndroidManifest.xml:29:13-31:52
145                android:name="androidx.lifecycle.ProcessLifecycleInitializer"
145-->[androidx.lifecycle:lifecycle-process:2.6.2] AndroidManifest.xml:30:17-78
146                android:value="androidx.startup" />
146-->[androidx.lifecycle:lifecycle-process:2.6.2] AndroidManifest.xml:31:17-49
147            <meta-data
147-->[androidx.profileinstaller:profileinstaller:1.3.0] AndroidManifest.xml:29:13-31:52
148                android:name="androidx.profileinstaller.ProfileInstallerInitializer"
148-->[androidx.profileinstaller:profileinstaller:1.3.0] AndroidManifest.xml:30:17-85
149                android:value="androidx.startup" />
149-->[androidx.profileinstaller:profileinstaller:1.3.0] AndroidManifest.xml:31:17-49
150        </provider>
151
152        <receiver
152-->[androidx.profileinstaller:profileinstaller:1.3.0] AndroidManifest.xml:34:9-52:20
153            android:name="androidx.profileinstaller.ProfileInstallReceiver"
153-->[androidx.profileinstaller:profileinstaller:1.3.0] AndroidManifest.xml:35:13-76
154            android:directBootAware="false"
154-->[androidx.profileinstaller:profileinstaller:1.3.0] AndroidManifest.xml:36:13-44
155            android:enabled="true"
155-->[androidx.profileinstaller:profileinstaller:1.3.0] AndroidManifest.xml:37:13-35
156            android:exported="true"
156-->[androidx.profileinstaller:profileinstaller:1.3.0] AndroidManifest.xml:38:13-36
157            android:permission="android.permission.DUMP" >
157-->[androidx.profileinstaller:profileinstaller:1.3.0] AndroidManifest.xml:39:13-57
158            <intent-filter>
158-->[androidx.profileinstaller:profileinstaller:1.3.0] AndroidManifest.xml:40:13-42:29
159                <action android:name="androidx.profileinstaller.action.INSTALL_PROFILE" />
159-->[androidx.profileinstaller:profileinstaller:1.3.0] AndroidManifest.xml:41:17-91
159-->[androidx.profileinstaller:profileinstaller:1.3.0] AndroidManifest.xml:41:25-88
160            </intent-filter>
161            <intent-filter>
161-->[androidx.profileinstaller:profileinstaller:1.3.0] AndroidManifest.xml:43:13-45:29
162                <action android:name="androidx.profileinstaller.action.SKIP_FILE" />
162-->[androidx.profileinstaller:profileinstaller:1.3.0] AndroidManifest.xml:44:17-85
162-->[androidx.profileinstaller:profileinstaller:1.3.0] AndroidManifest.xml:44:25-82
163            </intent-filter>
164            <intent-filter>
164-->[androidx.profileinstaller:profileinstaller:1.3.0] AndroidManifest.xml:46:13-48:29
165                <action android:name="androidx.profileinstaller.action.SAVE_PROFILE" />
165-->[androidx.profileinstaller:profileinstaller:1.3.0] AndroidManifest.xml:47:17-88
165-->[androidx.profileinstaller:profileinstaller:1.3.0] AndroidManifest.xml:47:25-85
166            </intent-filter>
167            <intent-filter>
167-->[androidx.profileinstaller:profileinstaller:1.3.0] AndroidManifest.xml:49:13-51:29
168                <action android:name="androidx.profileinstaller.action.BENCHMARK_OPERATION" />
168-->[androidx.profileinstaller:profileinstaller:1.3.0] AndroidManifest.xml:50:17-95
168-->[androidx.profileinstaller:profileinstaller:1.3.0] AndroidManifest.xml:50:25-92
169            </intent-filter>
170        </receiver>
171
172        <meta-data
172-->[com.google.android.gms:play-services-basement:18.3.0] AndroidManifest.xml:21:9-23:69
173            android:name="com.google.android.gms.version"
173-->[com.google.android.gms:play-services-basement:18.3.0] AndroidManifest.xml:22:13-58
174            android:value="@integer/google_play_services_version" />
174-->[com.google.android.gms:play-services-basement:18.3.0] AndroidManifest.xml:23:13-66
175    </application>
176
177</manifest>